0 info it worked if it ends with ok
1 verbose cli [ 'node', '/usr/local/bin/npm', 'install' ]
2 info using npm@1.4.28
3 info using node@v0.10.35
4 verbose readDependencies using package.json deps
5 verbose install where, deps [ '/Users/kevingu/WebstormProjects/plug',
5 verbose install   [ 'bcrypt-nodejs',
5 verbose install     'body-parser',
5 verbose install     'cookie-parser',
5 verbose install     'cors',
5 verbose install     'debug',
5 verbose install     'dotenv',
5 verbose install     'ejs',
5 verbose install     'express',
5 verbose install     'express-session',
5 verbose install     'handlebars',
5 verbose install     'instagram-node',
5 verbose install     'jsonwebtoken',
5 verbose install     'mongoose',
5 verbose install     'morgan',
5 verbose install     'request',
5 verbose install     'snapchat',
5 verbose install     'node-twitter-api',
5 verbose install     'gulp',
5 verbose install     'gulp-exit',
5 verbose install     'gulp-mocha',
5 verbose install     'gulp-nodemon',
5 verbose install     'gulp-shell',
5 verbose install     'mocha',
5 verbose install     'nodemon',
5 verbose install     'require-dir',
5 verbose install     'supertest',
5 verbose install     'chai',
5 verbose install     'apidoc' ] ]
6 info preinstall plug@0.0.0
7 warn package.json passport@0.3.2 No README data
8 verbose readDependencies using package.json deps
9 verbose already installed skipping bcrypt-nodejs@0.0.3 /Users/kevingu/WebstormProjects/plug
10 verbose already installed skipping body-parser@~1.13.2 /Users/kevingu/WebstormProjects/plug
11 verbose already installed skipping cookie-parser@~1.3.5 /Users/kevingu/WebstormProjects/plug
12 verbose already installed skipping cors@2.5.3 /Users/kevingu/WebstormProjects/plug
13 verbose already installed skipping debug@~2.2.0 /Users/kevingu/WebstormProjects/plug
14 verbose already installed skipping dotenv@~1.2.0 /Users/kevingu/WebstormProjects/plug
15 verbose already installed skipping ejs@~2.3.3 /Users/kevingu/WebstormProjects/plug
16 verbose already installed skipping express@~4.13.1 /Users/kevingu/WebstormProjects/plug
17 verbose already installed skipping express-session@^1.13.0 /Users/kevingu/WebstormProjects/plug
18 verbose already installed skipping handlebars@^4.0.5 /Users/kevingu/WebstormProjects/plug
19 verbose already installed skipping instagram-node@0.5.8 /Users/kevingu/WebstormProjects/plug
20 verbose already installed skipping jsonwebtoken@0.4.0 /Users/kevingu/WebstormProjects/plug
21 verbose already installed skipping mongoose@~4.3.4 /Users/kevingu/WebstormProjects/plug
22 verbose already installed skipping morgan@~1.6.1 /Users/kevingu/WebstormProjects/plug
23 verbose already installed skipping request@2.72.0 /Users/kevingu/WebstormProjects/plug
24 verbose already installed skipping snapchat@~2.0.2 /Users/kevingu/WebstormProjects/plug
25 verbose cache add [ 'node-twitter-api@1.7.2 ', null ]
26 verbose cache add name=undefined spec="node-twitter-api@1.7.2 " args=["node-twitter-api@1.7.2 ",null]
27 verbose parsed url { protocol: null,
27 verbose parsed url   slashes: null,
27 verbose parsed url   auth: null,
27 verbose parsed url   host: null,
27 verbose parsed url   port: null,
27 verbose parsed url   hostname: null,
27 verbose parsed url   hash: null,
27 verbose parsed url   search: null,
27 verbose parsed url   query: null,
27 verbose parsed url   pathname: 'node-twitter-api@1.7.2',
27 verbose parsed url   path: 'node-twitter-api@1.7.2',
27 verbose parsed url   href: 'node-twitter-api@1.7.2' }
28 verbose already installed skipping gulp@^3.9.1 /Users/kevingu/WebstormProjects/plug
29 verbose already installed skipping gulp-exit@0.0.2 /Users/kevingu/WebstormProjects/plug
30 verbose cache add name="node-twitter-api" spec="1.7.2 " args=["node-twitter-api","1.7.2 "]
31 verbose parsed url { protocol: null,
31 verbose parsed url   slashes: null,
31 verbose parsed url   auth: null,
31 verbose parsed url   host: null,
31 verbose parsed url   port: null,
31 verbose parsed url   hostname: null,
31 verbose parsed url   hash: null,
31 verbose parsed url   search: null,
31 verbose parsed url   query: null,
31 verbose parsed url   pathname: '1.7.2',
31 verbose parsed url   path: '1.7.2',
31 verbose parsed url   href: '1.7.2' }
32 verbose addNamed [ 'node-twitter-api', '1.7.2 ' ]
33 verbose addNamed [ null, '1.7.2' ]
34 verbose already installed skipping gulp-mocha@2.0.0 /Users/kevingu/WebstormProjects/plug
35 silly lockFile 1c078834-node-twitter-api-1-7-2 node-twitter-api@1.7.2
36 verbose lock node-twitter-api@1.7.2  /Users/kevingu/.npm/1c078834-node-twitter-api-1-7-2.lock
37 verbose already installed skipping gulp-nodemon@1.0.5 /Users/kevingu/WebstormProjects/plug
38 verbose already installed skipping gulp-shell@0.3.0 /Users/kevingu/WebstormProjects/plug
39 verbose already installed skipping mocha@^2.4.5 /Users/kevingu/WebstormProjects/plug
40 verbose already installed skipping nodemon@^1.9.1 /Users/kevingu/WebstormProjects/plug
41 verbose already installed skipping require-dir@0.1.0 /Users/kevingu/WebstormProjects/plug
42 verbose already installed skipping supertest@0.15.0 /Users/kevingu/WebstormProjects/plug
43 verbose already installed skipping chai@1.10.0 /Users/kevingu/WebstormProjects/plug
44 verbose already installed skipping apidoc@0.16.1 /Users/kevingu/WebstormProjects/plug
45 silly addNameRange { name: 'node-twitter-api', range: '1.7.2', hasData: false }
46 verbose request where is /node-twitter-api
47 verbose request registry https://registry.npmjs.org/
48 verbose request id 9d1b6d13a8fb6c18
49 verbose url raw /node-twitter-api
50 verbose url resolving [ 'https://registry.npmjs.org/', './node-twitter-api' ]
51 verbose url resolved https://registry.npmjs.org/node-twitter-api
52 verbose request where is https://registry.npmjs.org/node-twitter-api
53 info trying registry request attempt 1 at 01:28:43
54 http GET https://registry.npmjs.org/node-twitter-api
55 http 200 https://registry.npmjs.org/node-twitter-api
56 silly registry.get cb [ 200,
56 silly registry.get   { server: 'CouchDB/1.5.0 (Erlang OTP/R16B03)',
56 silly registry.get     etag: '"AINR0BAJ2EWH69NYDA08SQW6Q"',
56 silly registry.get     'content-type': 'application/json',
56 silly registry.get     'content-encoding': 'gzip',
56 silly registry.get     'cache-control': 'max-age=300',
56 silly registry.get     'content-length': '6139',
56 silly registry.get     'accept-ranges': 'bytes',
56 silly registry.get     date: 'Sun, 15 May 2016 08:28:44 GMT',
56 silly registry.get     via: '1.1 varnish',
56 silly registry.get     age: '0',
56 silly registry.get     connection: 'keep-alive',
56 silly registry.get     'x-served-by': 'cache-ord1730-ORD',
56 silly registry.get     'x-cache': 'MISS',
56 silly registry.get     'x-cache-hits': '0',
56 silly registry.get     'x-timer': 'S1463300924.071051,VS0,VE345',
56 silly registry.get     vary: 'Accept-Encoding' } ]
57 silly addNameRange number 2 { name: 'node-twitter-api', range: '1.7.2', hasData: true }
58 silly addNameRange versions [ 'node-twitter-api',
58 silly addNameRange   [ '0.0.1',
58 silly addNameRange     '0.0.2',
58 silly addNameRange     '0.0.3',
58 silly addNameRange     '0.0.3-1',
58 silly addNameRange     '0.0.4',
58 silly addNameRange     '1.1.0',
58 silly addNameRange     '1.1.1',
58 silly addNameRange     '1.1.2',
58 silly addNameRange     '1.1.3',
58 silly addNameRange     '1.1.4',
58 silly addNameRange     '1.2.0',
58 silly addNameRange     '1.2.1',
58 silly addNameRange     '1.2.2',
58 silly addNameRange     '1.2.3',
58 silly addNameRange     '1.2.4',
58 silly addNameRange     '1.3.0',
58 silly addNameRange     '1.4.0',
58 silly addNameRange     '1.5.0',
58 silly addNameRange     '1.6.0',
58 silly addNameRange     '1.6.1',
58 silly addNameRange     '1.6.2',
58 silly addNameRange     '1.6.3',
58 silly addNameRange     '1.6.4',
58 silly addNameRange     '1.6.5',
58 silly addNameRange     '1.7.0',
58 silly addNameRange     '1.7.1',
58 silly addNameRange     '1.7.2' ] ]
59 verbose addNamed [ 'node-twitter-api', '1.7.2' ]
60 verbose addNamed [ '1.7.2', '1.7.2' ]
61 silly lockFile 224d1473-node-twitter-api-1-7-2 node-twitter-api@1.7.2
62 verbose lock node-twitter-api@1.7.2 /Users/kevingu/.npm/224d1473-node-twitter-api-1-7-2.lock
63 silly lockFile 9c70a0ed-r-api-node-twitter-api-1-7-2-tgz https://registry.npmjs.org/node-twitter-api/-/node-twitter-api-1.7.2.tgz
64 verbose lock https://registry.npmjs.org/node-twitter-api/-/node-twitter-api-1.7.2.tgz /Users/kevingu/.npm/9c70a0ed-r-api-node-twitter-api-1-7-2-tgz.lock
65 verbose addRemoteTarball [ 'https://registry.npmjs.org/node-twitter-api/-/node-twitter-api-1.7.2.tgz',
65 verbose addRemoteTarball   'e272aadc4842af0362fa5a7212e49b318861d8c2' ]
66 info retry fetch attempt 1 at 01:28:44
67 verbose fetch to= /var/folders/_5/bykwdssd4k13r6qyq910xjhc0000gq/T/npm-2547-qyS-278X/registry.npmjs.org/node-twitter-api/-/node-twitter-api-1.7.2.tgz
68 http GET https://registry.npmjs.org/node-twitter-api/-/node-twitter-api-1.7.2.tgz
69 http 200 https://registry.npmjs.org/node-twitter-api/-/node-twitter-api-1.7.2.tgz
70 silly lockFile 9c70a0ed-r-api-node-twitter-api-1-7-2-tgz https://registry.npmjs.org/node-twitter-api/-/node-twitter-api-1.7.2.tgz
71 silly lockFile 9c70a0ed-r-api-node-twitter-api-1-7-2-tgz https://registry.npmjs.org/node-twitter-api/-/node-twitter-api-1.7.2.tgz
72 silly lockFile 224d1473-node-twitter-api-1-7-2 node-twitter-api@1.7.2
73 silly lockFile 224d1473-node-twitter-api-1-7-2 node-twitter-api@1.7.2
74 silly lockFile 1c078834-node-twitter-api-1-7-2 node-twitter-api@1.7.2
75 silly lockFile 1c078834-node-twitter-api-1-7-2 node-twitter-api@1.7.2
76 silly resolved [ { name: 'node-twitter-api',
76 silly resolved     version: '1.7.2',
76 silly resolved     description: 'Simple module for using Twitter\'s API in node.js',
76 silly resolved     keywords: [ 'twitter', 'oauth', 'rest', 'streaming' ],
76 silly resolved     homepage: 'https://github.com/reneraab/node-twitter-api',
76 silly resolved     author: { name: 'René Raab' },
76 silly resolved     licenses:
76 silly resolved      { type: 'MIT',
76 silly resolved        url: 'https://raw.github.com/reneraab/node-twitter-api/master/LICENSE' },
76 silly resolved     repository:
76 silly resolved      { type: 'git',
76 silly resolved        url: 'git+https://github.com/reneraab/node-twitter-api.git' },
76 silly resolved     dependencies: { oauth: '>=0.8.4', request: '*' },
76 silly resolved     engines: { node: '>=0.4.0' },
76 silly resolved     main: './twitter',
76 silly resolved     gitHead: '0d792eae7f583a9f7626e16ed94bd57bcadf9291',
76 silly resolved     bugs: { url: 'https://github.com/reneraab/node-twitter-api/issues' },
76 silly resolved     _id: 'node-twitter-api@1.7.2',
76 silly resolved     scripts: {},
76 silly resolved     _shasum: 'e272aadc4842af0362fa5a7212e49b318861d8c2',
76 silly resolved     _from: 'node-twitter-api@1.7.2 ',
76 silly resolved     _npmVersion: '3.3.8',
76 silly resolved     _nodeVersion: '4.2.1',
76 silly resolved     _npmUser: { name: 'renner96', email: 'mail@reneraab.org' },
76 silly resolved     dist:
76 silly resolved      { shasum: 'e272aadc4842af0362fa5a7212e49b318861d8c2',
76 silly resolved        tarball: 'https://registry.npmjs.org/node-twitter-api/-/node-twitter-api-1.7.2.tgz' },
76 silly resolved     maintainers: [ [Object] ],
76 silly resolved     _npmOperationalInternal:
76 silly resolved      { host: 'packages-16-east.internal.npmjs.com',
76 silly resolved        tmp: 'tmp/node-twitter-api-1.7.2.tgz_1462272279367_0.2746736395638436' },
76 silly resolved     directories: {},
76 silly resolved     _resolved: 'https://registry.npmjs.org/node-twitter-api/-/node-twitter-api-1.7.2.tgz' } ]
77 info install node-twitter-api@1.7.2 into /Users/kevingu/WebstormProjects/plug
78 info installOne node-twitter-api@1.7.2
79 verbose node_modules/node-twitter-api unbuild
80 verbose tar unpack /Users/kevingu/.npm/node-twitter-api/1.7.2/package.tgz
81 silly lockFile 5b8d97c9-ug-node-modules-node-twitter-api tar:///Users/kevingu/WebstormProjects/plug/node_modules/node-twitter-api
82 verbose lock tar:///Users/kevingu/WebstormProjects/plug/node_modules/node-twitter-api /Users/kevingu/.npm/5b8d97c9-ug-node-modules-node-twitter-api.lock
83 silly lockFile d0d81b0d-de-twitter-api-1-7-2-package-tgz tar:///Users/kevingu/.npm/node-twitter-api/1.7.2/package.tgz
84 verbose lock tar:///Users/kevingu/.npm/node-twitter-api/1.7.2/package.tgz /Users/kevingu/.npm/d0d81b0d-de-twitter-api-1-7-2-package-tgz.lock
85 silly gunzTarPerm modes [ '755', '644' ]
86 silly gunzTarPerm extractEntry package.json
87 silly gunzTarPerm extractEntry .npmignore
88 silly gunzTarPerm extractEntry README.md
89 silly gunzTarPerm extractEntry LICENSE
90 silly gunzTarPerm extractEntry index.js
91 silly gunzTarPerm extractEntry twitter.js
92 silly lockFile 5b8d97c9-ug-node-modules-node-twitter-api tar:///Users/kevingu/WebstormProjects/plug/node_modules/node-twitter-api
93 silly lockFile 5b8d97c9-ug-node-modules-node-twitter-api tar:///Users/kevingu/WebstormProjects/plug/node_modules/node-twitter-api
94 silly lockFile d0d81b0d-de-twitter-api-1-7-2-package-tgz tar:///Users/kevingu/.npm/node-twitter-api/1.7.2/package.tgz
95 silly lockFile d0d81b0d-de-twitter-api-1-7-2-package-tgz tar:///Users/kevingu/.npm/node-twitter-api/1.7.2/package.tgz
96 info preinstall node-twitter-api@1.7.2
97 verbose readDependencies using package.json deps
98 verbose readDependencies using package.json deps
99 verbose cache add [ 'oauth@>=0.8.4', null ]
100 verbose cache add name=undefined spec="oauth@>=0.8.4" args=["oauth@>=0.8.4",null]
101 verbose parsed url { protocol: null,
101 verbose parsed url   slashes: null,
101 verbose parsed url   auth: null,
101 verbose parsed url   host: null,
101 verbose parsed url   port: null,
101 verbose parsed url   hostname: null,
101 verbose parsed url   hash: null,
101 verbose parsed url   search: null,
101 verbose parsed url   query: null,
101 verbose parsed url   pathname: 'oauth@%3E=0.8.4',
101 verbose parsed url   path: 'oauth@%3E=0.8.4',
101 verbose parsed url   href: 'oauth@%3E=0.8.4' }
102 verbose cache add name="oauth" spec=">=0.8.4" args=["oauth",">=0.8.4"]
103 verbose parsed url { protocol: null,
103 verbose parsed url   slashes: null,
103 verbose parsed url   auth: null,
103 verbose parsed url   host: null,
103 verbose parsed url   port: null,
103 verbose parsed url   hostname: null,
103 verbose parsed url   hash: null,
103 verbose parsed url   search: null,
103 verbose parsed url   query: null,
103 verbose parsed url   pathname: '%3E=0.8.4',
103 verbose parsed url   path: '%3E=0.8.4',
103 verbose parsed url   href: '%3E=0.8.4' }
104 verbose addNamed [ 'oauth', '>=0.8.4' ]
105 verbose addNamed [ null, '>=0.8.4' ]
106 silly lockFile c2399bc0-oauth-0-8-4 oauth@>=0.8.4
107 verbose lock oauth@>=0.8.4 /Users/kevingu/.npm/c2399bc0-oauth-0-8-4.lock
108 silly addNameRange { name: 'oauth', range: '>=0.8.4', hasData: false }
109 verbose request where is /oauth
110 verbose request registry https://registry.npmjs.org/
111 verbose url raw /oauth
112 verbose url resolving [ 'https://registry.npmjs.org/', './oauth' ]
113 verbose url resolved https://registry.npmjs.org/oauth
114 verbose request where is https://registry.npmjs.org/oauth
115 info trying registry request attempt 1 at 01:28:45
116 http GET https://registry.npmjs.org/oauth
117 http 200 https://registry.npmjs.org/oauth
118 silly registry.get cb [ 200,
118 silly registry.get   { server: 'CouchDB/1.5.0 (Erlang OTP/R16B03)',
118 silly registry.get     etag: '"BNRE28UHR4JKD2K6QBJ2ATLJF"',
118 silly registry.get     'content-type': 'application/json',
118 silly registry.get     'content-encoding': 'gzip',
118 silly registry.get     'cache-control': 'max-age=300',
118 silly registry.get     'content-length': '7323',
118 silly registry.get     'accept-ranges': 'bytes',
118 silly registry.get     date: 'Sun, 15 May 2016 08:28:46 GMT',
118 silly registry.get     via: '1.1 varnish',
118 silly registry.get     age: '0',
118 silly registry.get     connection: 'keep-alive',
118 silly registry.get     'x-served-by': 'cache-ord1733-ORD',
118 silly registry.get     'x-cache': 'MISS',
118 silly registry.get     'x-cache-hits': '0',
118 silly registry.get     'x-timer': 'S1463300926.067055,VS0,VE139',
118 silly registry.get     vary: 'Accept-Encoding' } ]
119 silly addNameRange number 2 { name: 'oauth', range: '>=0.8.4', hasData: true }
120 silly addNameRange versions [ 'oauth',
120 silly addNameRange   [ '0.7.4',
120 silly addNameRange     '0.7.5',
120 silly addNameRange     '0.7.6',
120 silly addNameRange     '0.7.7',
120 silly addNameRange     '0.8.0',
120 silly addNameRange     '0.8.1',
120 silly addNameRange     '0.8.2',
120 silly addNameRange     '0.8.3',
120 silly addNameRange     '0.8.4',
120 silly addNameRange     '0.9.0',
120 silly addNameRange     '0.9.1',
120 silly addNameRange     '0.9.2',
120 silly addNameRange     '0.9.3',
120 silly addNameRange     '0.9.4',
120 silly addNameRange     '0.9.5',
120 silly addNameRange     '0.9.6',
120 silly addNameRange     '0.9.7',
120 silly addNameRange     '0.9.8',
120 silly addNameRange     '0.9.9',
120 silly addNameRange     '0.9.10',
120 silly addNameRange     '0.9.11',
120 silly addNameRange     '0.9.12',
120 silly addNameRange     '0.9.13',
120 silly addNameRange     '0.9.14' ] ]
121 verbose addNamed [ 'oauth', '0.9.14' ]
122 verbose addNamed [ '0.9.14', '0.9.14' ]
123 silly lockFile 1f5a908b-oauth-0-9-14 oauth@0.9.14
124 verbose lock oauth@0.9.14 /Users/kevingu/.npm/1f5a908b-oauth-0-9-14.lock
125 silly lockFile 72d69665-npmjs-org-oauth-oauth-0-9-14-tgz https://registry.npmjs.org/oauth/-/oauth-0.9.14.tgz
126 verbose lock https://registry.npmjs.org/oauth/-/oauth-0.9.14.tgz /Users/kevingu/.npm/72d69665-npmjs-org-oauth-oauth-0-9-14-tgz.lock
127 verbose addRemoteTarball [ 'https://registry.npmjs.org/oauth/-/oauth-0.9.14.tgz',
127 verbose addRemoteTarball   'c5748883a40b53de30ade9cabf2100414b8a0971' ]
128 info retry fetch attempt 1 at 01:28:46
129 verbose fetch to= /var/folders/_5/bykwdssd4k13r6qyq910xjhc0000gq/T/npm-2547-qyS-278X/registry.npmjs.org/oauth/-/oauth-0.9.14.tgz
130 http GET https://registry.npmjs.org/oauth/-/oauth-0.9.14.tgz
131 http 200 https://registry.npmjs.org/oauth/-/oauth-0.9.14.tgz
132 silly lockFile 72d69665-npmjs-org-oauth-oauth-0-9-14-tgz https://registry.npmjs.org/oauth/-/oauth-0.9.14.tgz
133 silly lockFile 72d69665-npmjs-org-oauth-oauth-0-9-14-tgz https://registry.npmjs.org/oauth/-/oauth-0.9.14.tgz
134 silly lockFile 1f5a908b-oauth-0-9-14 oauth@0.9.14
135 silly lockFile 1f5a908b-oauth-0-9-14 oauth@0.9.14
136 silly lockFile c2399bc0-oauth-0-8-4 oauth@>=0.8.4
137 silly lockFile c2399bc0-oauth-0-8-4 oauth@>=0.8.4
138 silly resolved [ { name: 'oauth',
138 silly resolved     description: 'Library for interacting with OAuth 1.0, 1.0A, 2 and Echo.  Provides simplified client access and allows for construction of more complex apis and OAuth providers.',
138 silly resolved     version: '0.9.14',
138 silly resolved     directories: { lib: './lib' },
138 silly resolved     main: 'index.js',
138 silly resolved     author: { name: 'Ciaran Jessup', email: 'ciaranj@gmail.com' },
138 silly resolved     repository: { type: 'git', url: 'http://github.com/ciaranj/node-oauth.git' },
138 silly resolved     devDependencies: { vows: '0.5.x' },
138 silly resolved     scripts: { test: 'make test' },
138 silly resolved     licenses: [ [Object] ],
138 silly resolved     gitHead: 'eefd821ea9b010a44ba49afa048a421ea23e7502',
138 silly resolved     bugs: { url: 'https://github.com/ciaranj/node-oauth/issues' },
138 silly resolved     homepage: 'https://github.com/ciaranj/node-oauth',
138 silly resolved     _id: 'oauth@0.9.14',
138 silly resolved     _shasum: 'c5748883a40b53de30ade9cabf2100414b8a0971',
138 silly resolved     _from: 'oauth@>=0.8.4',
138 silly resolved     _npmVersion: '1.4.28',
138 silly resolved     _npmUser: { name: 'ciaranj', email: 'ciaranj@gmail.com' },
138 silly resolved     maintainers: [ [Object] ],
138 silly resolved     dist:
138 silly resolved      { shasum: 'c5748883a40b53de30ade9cabf2100414b8a0971',
138 silly resolved        tarball: 'https://registry.npmjs.org/oauth/-/oauth-0.9.14.tgz' },
138 silly resolved     _resolved: 'https://registry.npmjs.org/oauth/-/oauth-0.9.14.tgz' } ]
139 info install oauth@0.9.14 into /Users/kevingu/WebstormProjects/plug/node_modules/node-twitter-api
140 info installOne oauth@0.9.14
141 verbose node_modules/node-twitter-api/node_modules/oauth unbuild
142 verbose tar unpack /Users/kevingu/.npm/oauth/0.9.14/package.tgz
143 silly lockFile 8b29e838-e-twitter-api-node-modules-oauth tar:///Users/kevingu/WebstormProjects/plug/node_modules/node-twitter-api/node_modules/oauth
144 verbose lock tar:///Users/kevingu/WebstormProjects/plug/node_modules/node-twitter-api/node_modules/oauth /Users/kevingu/.npm/8b29e838-e-twitter-api-node-modules-oauth.lock
145 silly lockFile e7894f78-ngu-npm-oauth-0-9-14-package-tgz tar:///Users/kevingu/.npm/oauth/0.9.14/package.tgz
146 verbose lock tar:///Users/kevingu/.npm/oauth/0.9.14/package.tgz /Users/kevingu/.npm/e7894f78-ngu-npm-oauth-0-9-14-package-tgz.lock
147 silly gunzTarPerm modes [ '755', '644' ]
148 silly gunzTarPerm extractEntry package.json
149 silly gunzTarPerm extractEntry .npmignore
150 silly gunzTarPerm extractEntry LICENSE
151 silly gunzTarPerm extractEntry index.js
152 silly gunzTarPerm extractEntry examples/github-example.js
153 silly gunzTarPerm extractEntry examples/term.ie.oauth-HMAC-SHA1.js
154 silly gunzTarPerm extractEntry examples/express-gdata/server.js
155 silly gunzTarPerm extractEntry examples/express-gdata/views/google_calendars.ejs
156 silly gunzTarPerm extractEntry examples/express-gdata/views/google_contacts.ejs
157 silly gunzTarPerm extractEntry examples/express-gdata/views/layout.ejs
158 silly gunzTarPerm extractEntry Readme.md
159 silly gunzTarPerm extractEntry lib/_utils.js
160 silly gunzTarPerm extractEntry lib/oauth.js
161 silly gunzTarPerm extractEntry lib/oauth2.js
162 silly gunzTarPerm extractEntry lib/sha1.js
163 silly gunzTarPerm extractEntry Makefile
164 silly gunzTarPerm extractEntry tests/oauth2tests.js
165 silly gunzTarPerm extractEntry tests/oauthtests.js
166 silly gunzTarPerm extractEntry tests/sha1tests.js
167 silly gunzTarPerm extractEntry tests/shared.js
168 silly lockFile 8b29e838-e-twitter-api-node-modules-oauth tar:///Users/kevingu/WebstormProjects/plug/node_modules/node-twitter-api/node_modules/oauth
169 silly lockFile 8b29e838-e-twitter-api-node-modules-oauth tar:///Users/kevingu/WebstormProjects/plug/node_modules/node-twitter-api/node_modules/oauth
170 silly lockFile e7894f78-ngu-npm-oauth-0-9-14-package-tgz tar:///Users/kevingu/.npm/oauth/0.9.14/package.tgz
171 silly lockFile e7894f78-ngu-npm-oauth-0-9-14-package-tgz tar:///Users/kevingu/.npm/oauth/0.9.14/package.tgz
172 info preinstall oauth@0.9.14
173 verbose readDependencies using package.json deps
174 verbose readDependencies using package.json deps
175 silly resolved []
176 verbose about to build /Users/kevingu/WebstormProjects/plug/node_modules/node-twitter-api/node_modules/oauth
177 info build /Users/kevingu/WebstormProjects/plug/node_modules/node-twitter-api/node_modules/oauth
178 verbose linkStuff [ false,
178 verbose linkStuff   false,
178 verbose linkStuff   false,
178 verbose linkStuff   '/Users/kevingu/WebstormProjects/plug/node_modules/node-twitter-api/node_modules' ]
179 info linkStuff oauth@0.9.14
180 verbose linkBins oauth@0.9.14
181 verbose linkMans oauth@0.9.14
182 verbose rebuildBundles oauth@0.9.14
183 info install oauth@0.9.14
184 info postinstall oauth@0.9.14
185 verbose about to build /Users/kevingu/WebstormProjects/plug/node_modules/node-twitter-api
186 info build /Users/kevingu/WebstormProjects/plug/node_modules/node-twitter-api
187 verbose linkStuff [ false,
187 verbose linkStuff   false,
187 verbose linkStuff   false,
187 verbose linkStuff   '/Users/kevingu/WebstormProjects/plug/node_modules' ]
188 info linkStuff node-twitter-api@1.7.2
189 verbose linkBins node-twitter-api@1.7.2
190 verbose linkMans node-twitter-api@1.7.2
191 verbose rebuildBundles node-twitter-api@1.7.2
192 verbose rebuildBundles [ 'oauth' ]
193 info install node-twitter-api@1.7.2
194 info postinstall node-twitter-api@1.7.2
195 info build /Users/kevingu/WebstormProjects/plug
196 verbose linkStuff [ false, false, false, '/Users/kevingu/WebstormProjects' ]
197 info linkStuff plug@0.0.0
198 verbose linkBins plug@0.0.0
199 verbose linkMans plug@0.0.0
200 verbose rebuildBundles plug@0.0.0
201 verbose rebuildBundles [ '.bin',
201 verbose rebuildBundles   'apidoc',
201 verbose rebuildBundles   'bcrypt-nodejs',
201 verbose rebuildBundles   'body-parser',
201 verbose rebuildBundles   'chai',
201 verbose rebuildBundles   'cookie-parser',
201 verbose rebuildBundles   'cors',
201 verbose rebuildBundles   'debug',
201 verbose rebuildBundles   'dotenv',
201 verbose rebuildBundles   'ejs',
201 verbose rebuildBundles   'express',
201 verbose rebuildBundles   'express-session',
201 verbose rebuildBundles   'grunt',
201 verbose rebuildBundles   'grunt-apidoc',
201 verbose rebuildBundles   'gulp',
201 verbose rebuildBundles   'gulp-exit',
201 verbose rebuildBundles   'gulp-mocha',
201 verbose rebuildBundles   'gulp-nodemon',
201 verbose rebuildBundles   'gulp-shell',
201 verbose rebuildBundles   'handlebars',
201 verbose rebuildBundles   'instagram-node',
201 verbose rebuildBundles   'jsonwebtoken',
201 verbose rebuildBundles   'mocha',
201 verbose rebuildBundles   'mongoose',
201 verbose rebuildBundles   'morgan',
201 verbose rebuildBundles   'node-twitter-api',
201 verbose rebuildBundles   'nodemon',
201 verbose rebuildBundles   'oauth2orize',
201 verbose rebuildBundles   'passport',
201 verbose rebuildBundles   'passport-http',
201 verbose rebuildBundles   'passport-http-bearer',
201 verbose rebuildBundles   'request',
201 verbose rebuildBundles   'require-dir',
201 verbose rebuildBundles   'serve-favicon',
201 verbose rebuildBundles   'snapchat',
201 verbose rebuildBundles   'supertest',
201 verbose rebuildBundles   'twitter' ]
202 verbose rebuild bundle /Users/kevingu/WebstormProjects/plug/node_modules/grunt
203 info build /Users/kevingu/WebstormProjects/plug/node_modules/grunt
204 info preinstall grunt@1.0.1
205 verbose linkStuff [ false,
205 verbose linkStuff   false,
205 verbose linkStuff   false,
205 verbose linkStuff   '/Users/kevingu/WebstormProjects/plug/node_modules' ]
206 info linkStuff grunt@1.0.1
207 verbose linkBins grunt@1.0.1
208 verbose link bins [ { grunt: 'bin/grunt' },
208 verbose link bins   '/Users/kevingu/WebstormProjects/plug/node_modules/.bin',
208 verbose link bins   false ]
209 verbose linkMans grunt@1.0.1
210 verbose rebuildBundles grunt@1.0.1
211 verbose rebuildBundles [ '.bin',
211 verbose rebuildBundles   'coffee-script',
211 verbose rebuildBundles   'dateformat',
211 verbose rebuildBundles   'eventemitter2',
211 verbose rebuildBundles   'exit',
211 verbose rebuildBundles   'findup-sync',
211 verbose rebuildBundles   'glob',
211 verbose rebuildBundles   'grunt-cli',
211 verbose rebuildBundles   'grunt-known-options',
211 verbose rebuildBundles   'grunt-legacy-log',
211 verbose rebuildBundles   'grunt-legacy-util',
211 verbose rebuildBundles   'iconv-lite',
211 verbose rebuildBundles   'js-yaml',
211 verbose rebuildBundles   'minimatch',
211 verbose rebuildBundles   'nopt',
211 verbose rebuildBundles   'path-is-absolute',
211 verbose rebuildBundles   'rimraf' ]
212 error Error: EACCES, unlink '/Users/kevingu/WebstormProjects/plug/node_modules/.bin/grunt'
212 error  { [Error: EACCES, unlink '/Users/kevingu/WebstormProjects/plug/node_modules/.bin/grunt']
212 error   errno: 3,
212 error   code: 'EACCES',
212 error   path: '/Users/kevingu/WebstormProjects/plug/node_modules/.bin/grunt' }
213 error Please try running this command again as root/Administrator.
214 error System Darwin 14.5.0
215 error command "node" "/usr/local/bin/npm" "install"
216 error cwd /Users/kevingu/WebstormProjects/plug
217 error node -v v0.10.35
218 error npm -v 1.4.28
219 error path /Users/kevingu/WebstormProjects/plug/node_modules/.bin/grunt
220 error code EACCES
221 error errno 3
222 error stack Error: EACCES, unlink '/Users/kevingu/WebstormProjects/plug/node_modules/.bin/grunt'
223 verbose exit [ 3, true ]
